[debug] [2023-07-10T13:37:10.426Z] ----------------------------------------------------------------------
[debug] [2023-07-10T13:37:10.428Z] Command:       C:\Program Files\nodejs\node.exe C:\Users\KRISH\AppData\Roaming\npm\node_modules\firebase-tools\lib\bin\firebase.js deploy
[debug] [2023-07-10T13:37:10.429Z] CLI Version:   12.4.3
[debug] [2023-07-10T13:37:10.429Z] Platform:      win32
[debug] [2023-07-10T13:37:10.429Z] Node Version:  v18.13.0
[debug] [2023-07-10T13:37:10.430Z] Time:          Mon Jul 10 2023 19:07:10 GMT+0530 (India Standard Time)
[debug] [2023-07-10T13:37:10.430Z] ----------------------------------------------------------------------
[debug] 
[debug] [2023-07-10T13:37:10.513Z] > command requires scopes: ["email","openid","https://www.googleapis.com/auth/cloudplatformprojects.readonly","https://www.googleapis.com/auth/firebase","https://www.googleapis.com/auth/cloud-platform"]
[debug] [2023-07-10T13:37:10.514Z] > authorizing via signed-in user (ssmudgal01@gmail.com)
[debug] [2023-07-10T13:37:10.514Z] [iam] checking project ecommerce-main-dbed7 for permissions ["firebase.projects.get","firebasedatabase.instances.update"]
[debug] [2023-07-10T13:37:10.517Z] >>> [apiv2][query] POST https://cloudresourcemanager.googleapis.com/v1/projects/ecommerce-main-dbed7:testIamPermissions [none]
[debug] [2023-07-10T13:37:10.517Z] >>> [apiv2][(partial)header] POST https://cloudresourcemanager.googleapis.com/v1/projects/ecommerce-main-dbed7:testIamPermissions x-goog-quota-user=projects/ecommerce-main-dbed7
[debug] [2023-07-10T13:37:10.517Z] >>> [apiv2][body] POST https://cloudresourcemanager.googleapis.com/v1/projects/ecommerce-main-dbed7:testIamPermissions {"permissions":["firebase.projects.get","firebasedatabase.instances.update"]}
[debug] [2023-07-10T13:37:14.642Z] <<< [apiv2][status] POST https://cloudresourcemanager.googleapis.com/v1/projects/ecommerce-main-dbed7:testIamPermissions 200
[debug] [2023-07-10T13:37:14.643Z] <<< [apiv2][body] POST https://cloudresourcemanager.googleapis.com/v1/projects/ecommerce-main-dbed7:testIamPermissions {"permissions":["firebase.projects.get","firebasedatabase.instances.update"]}
[debug] [2023-07-10T13:37:14.645Z] >>> [apiv2][query] GET https://firebase.googleapis.com/v1beta1/projects/ecommerce-main-dbed7 [none]
[debug] [2023-07-10T13:37:17.942Z] <<< [apiv2][status] GET https://firebase.googleapis.com/v1beta1/projects/ecommerce-main-dbed7 200
[debug] [2023-07-10T13:37:17.943Z] <<< [apiv2][body] GET https://firebase.googleapis.com/v1beta1/projects/ecommerce-main-dbed7 {"projectId":"ecommerce-main-dbed7","projectNumber":"46735086408","displayName":"Ecommerce-main","name":"projects/ecommerce-main-dbed7","resources":{"hostingSite":"ecommerce-main-dbed7","realtimeDatabaseInstance":"ecommerce-main-dbed7-default-rtdb"},"state":"ACTIVE","etag":"1_b5c01575-39e4-407e-b3d9-1f03c262a8ef"}
[info] 
[info] === Deploying to 'ecommerce-main-dbed7'...
[info] 
[info] i  deploying database 
[info] i  database: checking rules syntax... 
[debug] [2023-07-10T13:37:17.949Z] >>> [apiv2][query] GET https://firebasedatabase.googleapis.com/v1beta/projects/ecommerce-main-dbed7/locations/-/instances/ecommerce-main-dbed7-default-rtdb [none]
[debug] [2023-07-10T13:37:21.424Z] <<< [apiv2][status] GET https://firebasedatabase.googleapis.com/v1beta/projects/ecommerce-main-dbed7/locations/-/instances/ecommerce-main-dbed7-default-rtdb 200
[debug] [2023-07-10T13:37:21.424Z] <<< [apiv2][body] GET https://firebasedatabase.googleapis.com/v1beta/projects/ecommerce-main-dbed7/locations/-/instances/ecommerce-main-dbed7-default-rtdb {"name":"projects/46735086408/locations/asia-southeast1/instances/ecommerce-main-dbed7-default-rtdb","project":"projects/46735086408","databaseUrl":"https://ecommerce-main-dbed7-default-rtdb.asia-southeast1.firebasedatabase.app","type":"DEFAULT_DATABASE","state":"ACTIVE"}
[debug] [2023-07-10T13:37:21.425Z] >>> [apiv2][query] PUT https://ecommerce-main-dbed7-default-rtdb.asia-southeast1.firebasedatabase.app/.settings/rules.json dryRun=true
[debug] [2023-07-10T13:37:21.426Z] >>> [apiv2][body] PUT https://ecommerce-main-dbed7-default-rtdb.asia-southeast1.firebasedatabase.app/.settings/rules.json "{\n  /* Visit https://firebase.google.com/docs/database/security to learn more about security rules. */\n  \"rules\": {\n    \".read\": false,\n    \".write\": false\n  }\n}"
[debug] [2023-07-10T13:37:24.903Z] <<< [apiv2][status] PUT https://ecommerce-main-dbed7-default-rtdb.asia-southeast1.firebasedatabase.app/.settings/rules.json 200
[debug] [2023-07-10T13:37:24.903Z] <<< [apiv2][body] PUT https://ecommerce-main-dbed7-default-rtdb.asia-southeast1.firebasedatabase.app/.settings/rules.json {"status":"ok"}
[info] +  database: rules syntax for database ecommerce-main-dbed7-default-rtdb is valid 
[info] i  database: releasing rules... 
[debug] [2023-07-10T13:37:24.906Z] >>> [apiv2][query] GET https://firebasedatabase.googleapis.com/v1beta/projects/ecommerce-main-dbed7/locations/-/instances/ecommerce-main-dbed7-default-rtdb [none]
[debug] [2023-07-10T13:37:28.077Z] <<< [apiv2][status] GET https://firebasedatabase.googleapis.com/v1beta/projects/ecommerce-main-dbed7/locations/-/instances/ecommerce-main-dbed7-default-rtdb 200
[debug] [2023-07-10T13:37:28.077Z] <<< [apiv2][body] GET https://firebasedatabase.googleapis.com/v1beta/projects/ecommerce-main-dbed7/locations/-/instances/ecommerce-main-dbed7-default-rtdb {"name":"projects/46735086408/locations/asia-southeast1/instances/ecommerce-main-dbed7-default-rtdb","project":"projects/46735086408","databaseUrl":"https://ecommerce-main-dbed7-default-rtdb.asia-southeast1.firebasedatabase.app","type":"DEFAULT_DATABASE","state":"ACTIVE"}
[debug] [2023-07-10T13:37:28.078Z] >>> [apiv2][query] PUT https://ecommerce-main-dbed7-default-rtdb.asia-southeast1.firebasedatabase.app/.settings/rules.json 
[debug] [2023-07-10T13:37:28.078Z] >>> [apiv2][body] PUT https://ecommerce-main-dbed7-default-rtdb.asia-southeast1.firebasedatabase.app/.settings/rules.json "{\n  /* Visit https://firebase.google.com/docs/database/security to learn more about security rules. */\n  \"rules\": {\n    \".read\": false,\n    \".write\": false\n  }\n}"
[debug] [2023-07-10T13:37:30.842Z] <<< [apiv2][status] PUT https://ecommerce-main-dbed7-default-rtdb.asia-southeast1.firebasedatabase.app/.settings/rules.json 200
[debug] [2023-07-10T13:37:30.842Z] <<< [apiv2][body] PUT https://ecommerce-main-dbed7-default-rtdb.asia-southeast1.firebasedatabase.app/.settings/rules.json {"status":"ok"}
[info] +  database: rules for database ecommerce-main-dbed7-default-rtdb released successfully 
[info] 
[info] +  Deploy complete! 
[info] 
[info] Project Console: https://console.firebase.google.com/project/ecommerce-main-dbed7/overview
[debug] [2023-07-10T13:37:55.311Z] Error: Timed out.
    at Timeout._onTimeout (C:\Users\KRISH\AppData\Roaming\npm\node_modules\firebase-tools\lib\utils.js:254:49)
    at listOnTimeout (node:internal/timers:564:17)
    at process.processTimers (node:internal/timers:507:7)
[error] 
[error] Error: An unexpected error has occurred.
[debug] [2023-07-11T06:10:43.022Z] ----------------------------------------------------------------------
[debug] [2023-07-11T06:10:43.025Z] Command:       C:\Program Files\nodejs\node.exe C:\Users\KRISH\AppData\Roaming\npm\node_modules\firebase-tools\lib\bin\firebase.js deploy
[debug] [2023-07-11T06:10:43.026Z] CLI Version:   12.4.3
[debug] [2023-07-11T06:10:43.026Z] Platform:      win32
[debug] [2023-07-11T06:10:43.026Z] Node Version:  v18.13.0
[debug] [2023-07-11T06:10:43.035Z] Time:          Tue Jul 11 2023 11:40:43 GMT+0530 (India Standard Time)
[debug] [2023-07-11T06:10:43.035Z] ----------------------------------------------------------------------
[debug] 
[debug] [2023-07-11T06:10:43.148Z] > command requires scopes: ["email","openid","https://www.googleapis.com/auth/cloudplatformprojects.readonly","https://www.googleapis.com/auth/firebase","https://www.googleapis.com/auth/cloud-platform"]
[debug] [2023-07-11T06:10:43.149Z] > authorizing via signed-in user (ssmudgal01@gmail.com)
[debug] [2023-07-11T06:10:43.149Z] [iam] checking project ecommerce-main-dbed7 for permissions ["firebase.projects.get","firebasedatabase.instances.update"]
[debug] [2023-07-11T06:10:43.151Z] > refreshing access token with scopes: []
[debug] [2023-07-11T06:10:43.154Z] >>> [apiv2][query] POST https://www.googleapis.com/oauth2/v3/token [none]
[debug] [2023-07-11T06:10:43.154Z] >>> [apiv2][body] POST https://www.googleapis.com/oauth2/v3/token [omitted]
[debug] [2023-07-11T06:11:09.681Z] <<< [apiv2][status] POST https://www.googleapis.com/oauth2/v3/token 200
[debug] [2023-07-11T06:11:09.682Z] <<< [apiv2][body] POST https://www.googleapis.com/oauth2/v3/token [omitted]
[debug] [2023-07-11T06:11:09.701Z] >>> [apiv2][query] POST https://cloudresourcemanager.googleapis.com/v1/projects/ecommerce-main-dbed7:testIamPermissions [none]
[debug] [2023-07-11T06:11:09.702Z] >>> [apiv2][(partial)header] POST https://cloudresourcemanager.googleapis.com/v1/projects/ecommerce-main-dbed7:testIamPermissions x-goog-quota-user=projects/ecommerce-main-dbed7
[debug] [2023-07-11T06:11:09.702Z] >>> [apiv2][body] POST https://cloudresourcemanager.googleapis.com/v1/projects/ecommerce-main-dbed7:testIamPermissions {"permissions":["firebase.projects.get","firebasedatabase.instances.update"]}
[debug] [2023-07-11T06:11:15.236Z] <<< [apiv2][status] POST https://cloudresourcemanager.googleapis.com/v1/projects/ecommerce-main-dbed7:testIamPermissions 200
[debug] [2023-07-11T06:11:15.237Z] <<< [apiv2][body] POST https://cloudresourcemanager.googleapis.com/v1/projects/ecommerce-main-dbed7:testIamPermissions {"permissions":["firebase.projects.get","firebasedatabase.instances.update"]}
[debug] [2023-07-11T06:11:15.240Z] >>> [apiv2][query] GET https://firebase.googleapis.com/v1beta1/projects/ecommerce-main-dbed7 [none]
[debug] [2023-07-11T06:11:22.806Z] <<< [apiv2][status] GET https://firebase.googleapis.com/v1beta1/projects/ecommerce-main-dbed7 200
[debug] [2023-07-11T06:11:22.807Z] <<< [apiv2][body] GET https://firebase.googleapis.com/v1beta1/projects/ecommerce-main-dbed7 {"projectId":"ecommerce-main-dbed7","projectNumber":"46735086408","displayName":"Ecommerce-main","name":"projects/ecommerce-main-dbed7","resources":{"hostingSite":"ecommerce-main-dbed7","realtimeDatabaseInstance":"ecommerce-main-dbed7-default-rtdb"},"state":"ACTIVE","etag":"1_be93b914-a2f7-4c18-aa8a-6718bf13374f"}
[info] 
[info] === Deploying to 'ecommerce-main-dbed7'...
[info] 
[info] i  deploying database 
[info] i  database: checking rules syntax... 
[debug] [2023-07-11T06:11:22.858Z] >>> [apiv2][query] GET https://firebasedatabase.googleapis.com/v1beta/projects/ecommerce-main-dbed7/locations/-/instances/ecommerce-main-dbed7-default-rtdb [none]
[debug] [2023-07-11T06:11:32.863Z] Timeout reached making request to https://firebasedatabase.googleapis.com/v1beta/projects/ecommerce-main-dbed7/locations/-/instances/ecommerce-main-dbed7-default-rtdb
[debug] [2023-07-11T06:11:34.048Z] FirebaseError: Timeout reached making request to https://firebasedatabase.googleapis.com/v1beta/projects/ecommerce-main-dbed7/locations/-/instances/ecommerce-main-dbed7-default-rtdb
    at RetryOperation._fn (C:\Users\KRISH\AppData\Roaming\npm\node_modules\firebase-tools\lib\apiv2.js:238:35)
    at process.processTicksAndRejections (node:internal/process/task_queues:95:5)
[error] 
[error] Error: Failed to get instance details for instance: ecommerce-main-dbed7-default-rtdb. See firebase-debug.log for more details.
[debug] [2023-07-12T01:37:33.412Z] ----------------------------------------------------------------------
[debug] [2023-07-12T01:37:33.415Z] Command:       C:\Program Files\nodejs\node.exe C:\Users\KRISH\AppData\Roaming\npm\node_modules\firebase-tools\lib\bin\firebase.js deploy
[debug] [2023-07-12T01:37:33.416Z] CLI Version:   12.4.3
[debug] [2023-07-12T01:37:33.417Z] Platform:      win32
[debug] [2023-07-12T01:37:33.417Z] Node Version:  v18.13.0
[debug] [2023-07-12T01:37:33.418Z] Time:          Wed Jul 12 2023 07:07:33 GMT+0530 (India Standard Time)
[debug] [2023-07-12T01:37:33.418Z] ----------------------------------------------------------------------
[debug] 
[debug] [2023-07-12T01:37:33.424Z] >>> [apiv2][query] GET https://firebase-public.firebaseio.com/cli.json [none]
[debug] [2023-07-12T01:37:33.579Z] > command requires scopes: ["email","openid","https://www.googleapis.com/auth/cloudplatformprojects.readonly","https://www.googleapis.com/auth/firebase","https://www.googleapis.com/auth/cloud-platform"]
[debug] [2023-07-12T01:37:33.579Z] > authorizing via signed-in user (ssmudgal01@gmail.com)
[debug] [2023-07-12T01:37:33.580Z] [iam] checking project ecommerce-main-dbed7 for permissions ["firebase.projects.get","firebasedatabase.instances.update"]
[debug] [2023-07-12T01:37:33.581Z] > refreshing access token with scopes: []
[debug] [2023-07-12T01:37:33.583Z] >>> [apiv2][query] POST https://www.googleapis.com/oauth2/v3/token [none]
[debug] [2023-07-12T01:37:33.583Z] >>> [apiv2][body] POST https://www.googleapis.com/oauth2/v3/token [omitted]
[debug] [2023-07-12T01:37:34.146Z] <<< [apiv2][status] POST https://www.googleapis.com/oauth2/v3/token 200
[debug] [2023-07-12T01:37:34.147Z] <<< [apiv2][body] POST https://www.googleapis.com/oauth2/v3/token [omitted]
[debug] [2023-07-12T01:37:34.158Z] >>> [apiv2][query] POST https://cloudresourcemanager.googleapis.com/v1/projects/ecommerce-main-dbed7:testIamPermissions [none]
[debug] [2023-07-12T01:37:34.158Z] >>> [apiv2][(partial)header] POST https://cloudresourcemanager.googleapis.com/v1/projects/ecommerce-main-dbed7:testIamPermissions x-goog-quota-user=projects/ecommerce-main-dbed7
[debug] [2023-07-12T01:37:34.158Z] >>> [apiv2][body] POST https://cloudresourcemanager.googleapis.com/v1/projects/ecommerce-main-dbed7:testIamPermissions {"permissions":["firebase.projects.get","firebasedatabase.instances.update"]}
[debug] [2023-07-12T01:37:34.811Z] <<< [apiv2][status] GET https://firebase-public.firebaseio.com/cli.json 200
[debug] [2023-07-12T01:37:34.812Z] <<< [apiv2][body] GET https://firebase-public.firebaseio.com/cli.json {"cloudBuildErrorAfter":1594252800000,"cloudBuildWarnAfter":1590019200000,"defaultNode10After":1594252800000,"minVersion":"3.0.5","node8DeploysDisabledAfter":1613390400000,"node8RuntimeDisabledAfter":1615809600000,"node8WarnAfter":1600128000000}
[debug] [2023-07-12T01:37:36.738Z] <<< [apiv2][status] POST https://cloudresourcemanager.googleapis.com/v1/projects/ecommerce-main-dbed7:testIamPermissions 200
[debug] [2023-07-12T01:37:36.738Z] <<< [apiv2][body] POST https://cloudresourcemanager.googleapis.com/v1/projects/ecommerce-main-dbed7:testIamPermissions {"permissions":["firebase.projects.get","firebasedatabase.instances.update"]}
[debug] [2023-07-12T01:37:36.740Z] >>> [apiv2][query] GET https://firebase.googleapis.com/v1beta1/projects/ecommerce-main-dbed7 [none]
[debug] [2023-07-12T01:37:38.137Z] <<< [apiv2][status] GET https://firebase.googleapis.com/v1beta1/projects/ecommerce-main-dbed7 200
[debug] [2023-07-12T01:37:38.138Z] <<< [apiv2][body] GET https://firebase.googleapis.com/v1beta1/projects/ecommerce-main-dbed7 {"projectId":"ecommerce-main-dbed7","projectNumber":"46735086408","displayName":"Ecommerce-main","name":"projects/ecommerce-main-dbed7","resources":{"hostingSite":"ecommerce-main-dbed7","realtimeDatabaseInstance":"ecommerce-main-dbed7-default-rtdb"},"state":"ACTIVE","etag":"1_7da4717f-1b7c-4750-a0c9-2a593dfadebc"}
[info] 
[info] === Deploying to 'ecommerce-main-dbed7'...
[info] 
[info] i  deploying database 
[info] i  database: checking rules syntax... 
[debug] [2023-07-12T01:37:38.145Z] >>> [apiv2][query] GET https://firebasedatabase.googleapis.com/v1beta/projects/ecommerce-main-dbed7/locations/-/instances/ecommerce-main-dbed7-default-rtdb [none]
[debug] [2023-07-12T01:37:40.334Z] <<< [apiv2][status] GET https://firebasedatabase.googleapis.com/v1beta/projects/ecommerce-main-dbed7/locations/-/instances/ecommerce-main-dbed7-default-rtdb 200
[debug] [2023-07-12T01:37:40.334Z] <<< [apiv2][body] GET https://firebasedatabase.googleapis.com/v1beta/projects/ecommerce-main-dbed7/locations/-/instances/ecommerce-main-dbed7-default-rtdb {"name":"projects/46735086408/locations/asia-southeast1/instances/ecommerce-main-dbed7-default-rtdb","project":"projects/46735086408","databaseUrl":"https://ecommerce-main-dbed7-default-rtdb.asia-southeast1.firebasedatabase.app","type":"DEFAULT_DATABASE","state":"ACTIVE"}
[debug] [2023-07-12T01:37:40.336Z] >>> [apiv2][query] PUT https://ecommerce-main-dbed7-default-rtdb.asia-southeast1.firebasedatabase.app/.settings/rules.json dryRun=true
[debug] [2023-07-12T01:37:40.336Z] >>> [apiv2][body] PUT https://ecommerce-main-dbed7-default-rtdb.asia-southeast1.firebasedatabase.app/.settings/rules.json "{\n  /* Visit https://firebase.google.com/docs/database/security to learn more about security rules. */\n  \"rules\": {\n    \".read\": false,\n    \".write\": false\n  }\n}"
[debug] [2023-07-12T01:37:41.826Z] <<< [apiv2][status] PUT https://ecommerce-main-dbed7-default-rtdb.asia-southeast1.firebasedatabase.app/.settings/rules.json 200
[debug] [2023-07-12T01:37:41.826Z] <<< [apiv2][body] PUT https://ecommerce-main-dbed7-default-rtdb.asia-southeast1.firebasedatabase.app/.settings/rules.json {"status":"ok"}
[info] +  database: rules syntax for database ecommerce-main-dbed7-default-rtdb is valid 
[info] i  database: releasing rules... 
[debug] [2023-07-12T01:37:41.829Z] >>> [apiv2][query] GET https://firebasedatabase.googleapis.com/v1beta/projects/ecommerce-main-dbed7/locations/-/instances/ecommerce-main-dbed7-default-rtdb [none]
[debug] [2023-07-12T01:37:44.129Z] <<< [apiv2][status] GET https://firebasedatabase.googleapis.com/v1beta/projects/ecommerce-main-dbed7/locations/-/instances/ecommerce-main-dbed7-default-rtdb 200
[debug] [2023-07-12T01:37:44.129Z] <<< [apiv2][body] GET https://firebasedatabase.googleapis.com/v1beta/projects/ecommerce-main-dbed7/locations/-/instances/ecommerce-main-dbed7-default-rtdb {"name":"projects/46735086408/locations/asia-southeast1/instances/ecommerce-main-dbed7-default-rtdb","project":"projects/46735086408","databaseUrl":"https://ecommerce-main-dbed7-default-rtdb.asia-southeast1.firebasedatabase.app","type":"DEFAULT_DATABASE","state":"ACTIVE"}
[debug] [2023-07-12T01:37:44.130Z] >>> [apiv2][query] PUT https://ecommerce-main-dbed7-default-rtdb.asia-southeast1.firebasedatabase.app/.settings/rules.json 
[debug] [2023-07-12T01:37:44.130Z] >>> [apiv2][body] PUT https://ecommerce-main-dbed7-default-rtdb.asia-southeast1.firebasedatabase.app/.settings/rules.json "{\n  /* Visit https://firebase.google.com/docs/database/security to learn more about security rules. */\n  \"rules\": {\n    \".read\": false,\n    \".write\": false\n  }\n}"
[debug] [2023-07-12T01:37:44.913Z] <<< [apiv2][status] PUT https://ecommerce-main-dbed7-default-rtdb.asia-southeast1.firebasedatabase.app/.settings/rules.json 200
[debug] [2023-07-12T01:37:44.913Z] <<< [apiv2][body] PUT https://ecommerce-main-dbed7-default-rtdb.asia-southeast1.firebasedatabase.app/.settings/rules.json {"status":"ok"}
[info] +  database: rules for database ecommerce-main-dbed7-default-rtdb released successfully 
[info] 
[info] +  Deploy complete! 
[info] 
[info] Project Console: https://console.firebase.google.com/project/ecommerce-main-dbed7/overview
[debug] [2023-07-12T01:38:16.004Z] Error: Timed out.
    at Timeout._onTimeout (C:\Users\KRISH\AppData\Roaming\npm\node_modules\firebase-tools\lib\utils.js:254:49)
    at listOnTimeout (node:internal/timers:564:17)
    at process.processTimers (node:internal/timers:507:7)
[error] 
[error] Error: An unexpected error has occurred.
